c:\users\mariela whaley\documents\visual studio 2015\projects\project2\project2\debug\vc140.pdb
c:\users\mariela whaley\documents\visual studio 2015\projects\project2\project2\debug\mysql.obj
c:\users\mariela whaley\documents\visual studio 2015\projects\project2\project2\debug\main.obj
c:\users\mariela whaley\documents\visual studio 2015\projects\project2\project2\debug\serialport.obj
c:\users\mariela whaley\documents\visual studio 2015\projects\project2\project2\debug\.netframework,version=v4.0.assemblyattributes.obj
c:\users\mariela whaley\documents\visual studio 2015\projects\project2\project2\debug\.netframework,version=v4.0.assemblyattributes.asm
c:\users\mariela whaley\documents\visual studio 2015\projects\project2\debug\project2.exe
c:\users\mariela whaley\documents\visual studio 2015\projects\project2\debug\project2.pdb
c:\users\mariela whaley\documents\visual studio 2015\projects\project2\project2\debug\project2.tlog\metagen.write.1.tlog
c:\users\mariela whaley\documents\visual studio 2015\projects\project2\debug\mysql.data.dll
c:\users\mariela whaley\documents\visual studio 2015\projects\project2\project2\debug\project2.tlog\cl.command.1.tlog
c:\users\mariela whaley\documents\visual studio 2015\projects\project2\project2\debug\project2.tlog\cl.read.1.tlog
c:\users\mariela whaley\documents\visual studio 2015\projects\project2\project2\debug\project2.tlog\cl.write.1.tlog
c:\users\mariela whaley\documents\visual studio 2015\projects\project2\project2\debug\project2.tlog\link.command.1.tlog
c:\users\mariela whaley\documents\visual studio 2015\projects\project2\project2\debug\project2.tlog\link.read.1.tlog
c:\users\mariela whaley\documents\visual studio 2015\projects\project2\project2\debug\project2.tlog\link.write.1.tlog
c:\users\mariela whaley\documents\visual studio 2015\projects\project2\project2\debug\project2.tlog\metagen.read.1.tlog
c:\users\mariela whaley\documents\visual studio 2015\projects\project2\project2\debug\project2.tlog\project2.write.1u.tlog
c:\users\mariela whaley\documents\visual studio 2015\projects\project2\project2\debug\project2.tlog\mysql.data.dll.metagen
c:\users\mariela whaley\documents\visual studio 2015\projects\project2\project2\debug\project2.tlog\rsaenh.dll.bi
c:\users\mariela whaley\documents\visual studio 2015\projects\project2\project2\debug\project2.tlog\tzres.dll.bi
